# JRE version: Java(TM) SE Runtime Environment (8.0_40-b25) (build 1.8.0_40-b25)
# Java VM: Java HotSpot(TM) Server VM (25.40-b25 mixed mode linux-x86 )
Heap:
 PSYoungGen      total 303616K, used 0K [0x91ac0000, 0xa7000000, 0xa7000000)
  eden space 279808K, 0% used [0x91ac0000,0x91ac0000,0xa2c00000)
  from space 23808K, 0% used [0xa2c00000,0xa2c00000,0xa4340000)
  to   space 37120K, 0% used [0xa4bc0000,0xa4bc0000,0xa7000000)
 ParOldGen       total 98304K, used 90447K [0x67000000, 0x6d000000, 0x91ac0000)
  object space 98304K, 92% used [0x67000000,0x6c853f90,0x6d000000)
 Metaspace       used 58496K, capacity 60077K, committed 60672K, reserved 60720K
GC Heap History (10 events):
Event: 910.338 GC heap after
Heap after GC invocations=27 (full 5):
 PSYoungGen      total 317440K, used 3658K [0x91ac0000, 0xa6cc0000, 0xa7000000)
  eden space 294400K, 0% used [0x91ac0000,0x91ac0000,0xa3a40000)
  from space 23040K, 15% used [0xa5000000,0xa5392bb0,0xa6680000)
  to   space 22272K, 0% used [0xa3a40000,0xa3a40000,0xa5000000)
 ParOldGen       total 96768K, used 67399K [0x67000000, 0x6ce80000, 0x91ac0000)
  object space 96768K, 69% used [0x67000000,0x6b1d1fa8,0x6ce80000)
 Metaspace       used 41922K, capacity 43209K, committed 43264K, reserved 43312K
}
Event: 915.097 GC heap before
{Heap before GC invocations=28 (full 5):
 PSYoungGen      total 317440K, used 235896K [0x91ac0000, 0xa6cc0000, 0xa7000000)
  eden space 294400K, 78% used [0x91ac0000,0x9fd8b7a0,0xa3a40000)
  from space 23040K, 15% used [0xa5000000,0xa5392bb0,0xa6680000)
  to   space 22272K, 0% used [0xa3a40000,0xa3a40000,0xa5000000)
 ParOldGen       total 96768K, used 67399K [0x67000000, 0x6ce80000, 0x91ac0000)
  object space 96768K, 69% used [0x67000000,0x6b1d1fa8,0x6ce80000)
 Metaspace       used 47954K, capacity 49445K, committed 49536K, reserved 50480K
Event: 915.156 GC heap after
Heap after GC invocations=28 (full 5):
 PSYoungGen      total 316672K, used 22269K [0x91ac0000, 0xa7000000, 0xa7000000)
  eden space 294400K, 0% used [0x91ac0000,0x91ac0000,0xa3a40000)
  from space 22272K, 99% used [0xa3a40000,0xa4fff5e0,0xa5000000)
  to   space 28672K, 0% used [0xa5400000,0xa5400000,0xa7000000)
 ParOldGen       total 96768K, used 74269K [0x67000000, 0x6ce80000, 0x91ac0000)
  object space 96768K, 76% used [0x67000000,0x6b887650,0x6ce80000)
 Metaspace       used 47954K, capacity 49445K, committed 49536K, reserved 50480K
}
Event: 915.156 GC heap before
{Heap before GC invocations=29 (full 6):
 PSYoungGen      total 316672K, used 22269K [0x91ac0000, 0xa7000000, 0xa7000000)
  eden space 294400K, 0% used [0x91ac0000,0x91ac0000,0xa3a40000)
  from space 22272K, 99% used [0xa3a40000,0xa4fff5e0,0xa5000000)
  to   space 28672K, 0% used [0xa5400000,0xa5400000,0xa7000000)
 ParOldGen       total 96768K, used 74269K [0x67000000, 0x6ce80000, 0x91ac0000)
  object space 96768K, 76% used [0x67000000,0x6b887650,0x6ce80000)
 Metaspace       used 47954K, capacity 49445K, committed 49536K, reserved 50480K
Event: 915.768 GC heap after
Heap after GC invocations=29 (full 6):
 PSYoungGen      total 316672K, used 0K [0x91ac0000, 0xa7000000, 0xa7000000)
  eden space 294400K, 0% used [0x91ac0000,0x91ac0000,0xa3a40000)
  from space 22272K, 0% used [0xa3a40000,0xa3a40000,0xa5000000)
  to   space 28672K, 0% used [0xa5400000,0xa5400000,0xa7000000)
 ParOldGen       total 96768K, used 79026K [0x67000000, 0x6ce80000, 0x91ac0000)
  object space 96768K, 81% used [0x67000000,0x6bd2ca60,0x6ce80000)
 Metaspace       used 47869K, capacity 49245K, committed 49536K, reserved 50480K
}
Event: 929.935 GC heap before
{Heap before GC invocations=30 (full 6):
 PSYoungGen      total 316672K, used 294400K [0x91ac0000, 0xa7000000, 0xa7000000)
  eden space 294400K, 100% used [0x91ac0000,0xa3a40000,0xa3a40000)
  from space 22272K, 0% used [0xa3a40000,0xa3a40000,0xa5000000)
  to   space 28672K, 0% used [0xa5400000,0xa5400000,0xa7000000)
 ParOldGen       total 96768K, used 79026K [0x67000000, 0x6ce80000, 0x91ac0000)
  object space 96768K, 81% used [0x67000000,0x6bd2ca60,0x6ce80000)
 Metaspace       used 53596K, capacity 55150K, committed 55168K, reserved 55600K
Event: 930.042 GC heap after
Heap after GC invocations=30 (full 6):
 PSYoungGen      total 308480K, used 28663K [0x91ac0000, 0xa7000000, 0xa7000000)
  eden space 279808K, 0% used [0x91ac0000,0x91ac0000,0xa2c00000)
  from space 28672K, 99% used [0xa5400000,0xa6ffdc90,0xa7000000)
  to   space 34816K, 0% used [0xa2c00000,0xa2c00000,0xa4e00000)
 ParOldGen       total 96768K, used 81701K [0x67000000, 0x6ce80000, 0x91ac0000)
  object space 96768K, 84% used [0x67000000,0x6bfc9750,0x6ce80000)
 Metaspace       used 53596K, capacity 55150K, committed 55168K, reserved 55600K
}
Event: 1713.196 GC heap before
{Heap before GC invocations=31 (full 6):
 PSYoungGen      total 308480K, used 308471K [0x91ac0000, 0xa7000000, 0xa7000000)
  eden space 279808K, 100% used [0x91ac0000,0xa2c00000,0xa2c00000)
  from space 28672K, 99% used [0xa5400000,0xa6ffdc90,0xa7000000)
  to   space 34816K, 0% used [0xa2c00000,0xa2c00000,0xa4e00000)
 ParOldGen       total 96768K, used 81701K [0x67000000, 0x6ce80000, 0x91ac0000)
  object space 96768K, 84% used [0x67000000,0x6bfc9750,0x6ce80000)
 Metaspace       used 58822K, capacity 60599K, committed 60672K, reserved 60720K
Event: 1713.249 GC heap after
Heap after GC invocations=31 (full 6):
 PSYoungGen      total 303616K, used 23765K [0x91ac0000, 0xa7000000, 0xa7000000)
  eden space 279808K, 0% used [0x91ac0000,0x91ac0000,0xa2c00000)
  from space 23808K, 99% used [0xa2c00000,0xa4335580,0xa4340000)
  to   space 37120K, 0% used [0xa4bc0000,0xa4bc0000,0xa7000000)
 ParOldGen       total 98304K, used 97937K [0x67000000, 0x6d000000, 0x91ac0000)
  object space 98304K, 99% used [0x67000000,0x6cfa46b8,0x6d000000)
 Metaspace       used 58822K, capacity 60599K, committed 60672K, reserved 60720K
}
Event: 1713.249 GC heap before
{Heap before GC invocations=32 (full 7):
 PSYoungGen      total 303616K, used 23765K [0x91ac0000, 0xa7000000, 0xa7000000)
  eden space 279808K, 0% used [0x91ac0000,0x91ac0000,0xa2c00000)
  from space 23808K, 99% used [0xa2c00000,0xa4335580,0xa4340000)
  to   space 37120K, 0% used [0xa4bc0000,0xa4bc0000,0xa7000000)
 ParOldGen       total 98304K, used 97937K [0x67000000, 0x6d000000, 0x91ac0000)
  object space 98304K, 99% used [0x67000000,0x6cfa46b8,0x6d000000)
 Metaspace       used 58822K, capacity 60599K, committed 60672K, reserved 60720K

