# JRE version: Java(TM) SE Runtime Environment (8.0_40-b25) (build 1.8.0_40-b25)
# Java VM: Java HotSpot(TM) Server VM (25.40-b25 mixed mode linux-x86 )
Heap:
 PSYoungGen      total 26624K, used 2034K [0x91ac0000, 0x936c0000, 0xa7000000)
  eden space 24576K, 0% used [0x91ac0000,0x91ac0000,0x932c0000)
  from space 2048K, 99% used [0x932c0000,0x934bcb50,0x934c0000)
  to   space 2048K, 0% used [0x934c0000,0x934c0000,0x936c0000)
 ParOldGen       total 32768K, used 15744K [0x67000000, 0x69000000, 0x91ac0000)
  object space 32768K, 48% used [0x67000000,0x67f603a8,0x69000000)
 Metaspace       used 4705K, capacity 4742K, committed 4760K, reserved 5424K
GC Heap History (9 events):
Event: 2.768 GC heap before
{Heap before GC invocations=1 (full 0):
 PSYoungGen      total 14336K, used 12288K [0x91ac0000, 0x92ac0000, 0xa7000000)
  eden space 12288K, 100% used [0x91ac0000,0x926c0000,0x926c0000)
  from space 2048K, 0% used [0x928c0000,0x928c0000,0x92ac0000)
  to   space 2048K, 0% used [0x926c0000,0x926c0000,0x928c0000)
 ParOldGen       total 32768K, used 0K [0x67000000, 0x69000000, 0x91ac0000)
  object space 32768K, 0% used [0x67000000,0x67000000,0x69000000)
 Metaspace       used 3538K, capacity 3582K, committed 3608K, reserved 4400K
Event: 2.775 GC heap after
Heap after GC invocations=1 (full 0):
 PSYoungGen      total 14336K, used 2038K [0x91ac0000, 0x92ac0000, 0xa7000000)
  eden space 12288K, 0% used [0x91ac0000,0x91ac0000,0x926c0000)
  from space 2048K, 99% used [0x926c0000,0x928bda78,0x928c0000)
  to   space 2048K, 0% used [0x928c0000,0x928c0000,0x92ac0000)
 ParOldGen       total 32768K, used 1634K [0x67000000, 0x69000000, 0x91ac0000)
  object space 32768K, 4% used [0x67000000,0x67198918,0x69000000)
 Metaspace       used 3538K, capacity 3582K, committed 3608K, reserved 4400K
}
Event: 3.109 GC heap before
{Heap before GC invocations=2 (full 0):
 PSYoungGen      total 14336K, used 14298K [0x91ac0000, 0x92ac0000, 0xa7000000)
  eden space 12288K, 99% used [0x91ac0000,0x926b9068,0x926c0000)
  from space 2048K, 99% used [0x926c0000,0x928bda78,0x928c0000)
  to   space 2048K, 0% used [0x928c0000,0x928c0000,0x92ac0000)
 ParOldGen       total 32768K, used 1634K [0x67000000, 0x69000000, 0x91ac0000)
  object space 32768K, 4% used [0x67000000,0x67198918,0x69000000)
 Metaspace       used 3837K, capacity 3878K, committed 3992K, reserved 4400K
Event: 3.120 GC heap after
Heap after GC invocations=2 (full 0):
 PSYoungGen      total 14336K, used 2037K [0x91ac0000, 0x936c0000, 0xa7000000)
  eden space 12288K, 0% used [0x91ac0000,0x91ac0000,0x926c0000)
  from space 2048K, 99% used [0x928c0000,0x92abd780,0x92ac0000)
  to   space 2048K, 0% used [0x926c0000,0x926c0000,0x928c0000)
 ParOldGen       total 32768K, used 4012K [0x67000000, 0x69000000, 0x91ac0000)
  object space 32768K, 12% used [0x67000000,0x673eb288,0x69000000)
 Metaspace       used 3837K, capacity 3878K, committed 3992K, reserved 4400K
}
Event: 3.679 GC heap before
{Heap before GC invocations=3 (full 0):
 PSYoungGen      total 14336K, used 14325K [0x91ac0000, 0x936c0000, 0xa7000000)
  eden space 12288K, 100% used [0x91ac0000,0x926c0000,0x926c0000)
  from space 2048K, 99% used [0x928c0000,0x92abd780,0x92ac0000)
  to   space 2048K, 0% used [0x926c0000,0x926c0000,0x928c0000)
 ParOldGen       total 32768K, used 4012K [0x67000000, 0x69000000, 0x91ac0000)
  object space 32768K, 12% used [0x67000000,0x673eb288,0x69000000)
 Metaspace       used 4670K, capacity 4710K, committed 4760K, reserved 5424K
Event: 3.711 GC heap after
Heap after GC invocations=3 (full 0):
 PSYoungGen      total 14336K, used 2045K [0x91ac0000, 0x936c0000, 0xa7000000)
  eden space 12288K, 0% used [0x91ac0000,0x91ac0000,0x926c0000)
  from space 2048K, 99% used [0x926c0000,0x928bf480,0x928c0000)
  to   space 2048K, 0% used [0x934c0000,0x934c0000,0x936c0000)
 ParOldGen       total 32768K, used 10716K [0x67000000, 0x69000000, 0x91ac0000)
  object space 32768K, 32% used [0x67000000,0x67a770a0,0x69000000)
 Metaspace       used 4670K, capacity 4710K, committed 4760K, reserved 5424K
}
Event: 3.845 GC heap before
{Heap before GC invocations=4 (full 0):
 PSYoungGen      total 14336K, used 13226K [0x91ac0000, 0x936c0000, 0xa7000000)
  eden space 12288K, 90% used [0x91ac0000,0x925ab608,0x926c0000)
  from space 2048K, 99% used [0x926c0000,0x928bf480,0x928c0000)
  to   space 2048K, 0% used [0x934c0000,0x934c0000,0x936c0000)
 ParOldGen       total 32768K, used 10716K [0x67000000, 0x69000000, 0x91ac0000)
  object space 32768K, 32% used [0x67000000,0x67a770a0,0x69000000)
 Metaspace       used 4692K, capacity 4742K, committed 4760K, reserved 5424K
Event: 3.857 GC heap after
Heap after GC invocations=4 (full 0):
 PSYoungGen      total 26624K, used 2043K [0x91ac0000, 0x936c0000, 0xa7000000)
  eden space 24576K, 0% used [0x91ac0000,0x91ac0000,0x932c0000)
  from space 2048K, 99% used [0x934c0000,0x936bedb8,0x936c0000)
  to   space 2048K, 0% used [0x932c0000,0x932c0000,0x934c0000)
 ParOldGen       total 32768K, used 12288K [0x67000000, 0x69000000, 0x91ac0000)
  object space 32768K, 37% used [0x67000000,0x67c002e8,0x69000000)
 Metaspace       used 4692K, capacity 4742K, committed 4760K, reserved 5424K
}
Event: 10.608 GC heap before
{Heap before GC invocations=5 (full 0):
 PSYoungGen      total 26624K, used 25108K [0x91ac0000, 0x936c0000, 0xa7000000)
  eden space 24576K, 93% used [0x91ac0000,0x93146558,0x932c0000)
  from space 2048K, 99% used [0x934c0000,0x936bedb8,0x936c0000)
  to   space 2048K, 0% used [0x932c0000,0x932c0000,0x934c0000)
 ParOldGen       total 32768K, used 12288K [0x67000000, 0x69000000, 0x91ac0000)
  object space 32768K, 37% used [0x67000000,0x67c002e8,0x69000000)
 Metaspace       used 4705K, capacity 4742K, committed 4760K, reserved 5424K

