# JRE version: Java(TM) SE Runtime Environment (8.0_40-b25) (build 1.8.0_40-b25)
# Java VM: Java HotSpot(TM) Server VM (25.40-b25 mixed mode linux-x86 )
Heap:
 PSYoungGen      total 26624K, used 2037K [0x91ac0000, 0x936c0000, 0xa7000000)
  eden space 24576K, 0% used [0x91ac0000,0x91ac0000,0x932c0000)
  from space 2048K, 99% used [0x932c0000,0x934bd438,0x934c0000)
  to   space 2048K, 0% used [0x934c0000,0x934c0000,0x936c0000)
 ParOldGen       total 32768K, used 18366K [0x67000000, 0x69000000, 0x91ac0000)
  object space 32768K, 56% used [0x67000000,0x681efba8,0x69000000)
 Metaspace       used 4707K, capacity 4742K, committed 4760K, reserved 5424K
GC Heap History (9 events):
Event: 1.638 GC heap before
{Heap before GC invocations=1 (full 0):
 PSYoungGen      total 14336K, used 12288K [0x91ac0000, 0x92ac0000, 0xa7000000)
  eden space 12288K, 100% used [0x91ac0000,0x926c0000,0x926c0000)
  from space 2048K, 0% used [0x928c0000,0x928c0000,0x92ac0000)
  to   space 2048K, 0% used [0x926c0000,0x926c0000,0x928c0000)
 ParOldGen       total 32768K, used 0K [0x67000000, 0x69000000, 0x91ac0000)
  object space 32768K, 0% used [0x67000000,0x67000000,0x69000000)
 Metaspace       used 3526K, capacity 3582K, committed 3608K, reserved 4400K
Event: 1.652 GC heap after
Heap after GC invocations=1 (full 0):
 PSYoungGen      total 14336K, used 2044K [0x91ac0000, 0x92ac0000, 0xa7000000)
  eden space 12288K, 0% used [0x91ac0000,0x91ac0000,0x926c0000)
  from space 2048K, 99% used [0x926c0000,0x928bf1b8,0x928c0000)
  to   space 2048K, 0% used [0x928c0000,0x928c0000,0x92ac0000)
 ParOldGen       total 32768K, used 1605K [0x67000000, 0x69000000, 0x91ac0000)
  object space 32768K, 4% used [0x67000000,0x67191680,0x69000000)
 Metaspace       used 3526K, capacity 3582K, committed 3608K, reserved 4400K
}
Event: 2.251 GC heap before
{Heap before GC invocations=2 (full 0):
 PSYoungGen      total 14336K, used 14332K [0x91ac0000, 0x92ac0000, 0xa7000000)
  eden space 12288K, 100% used [0x91ac0000,0x926c0000,0x926c0000)
  from space 2048K, 99% used [0x926c0000,0x928bf1b8,0x928c0000)
  to   space 2048K, 0% used [0x928c0000,0x928c0000,0x92ac0000)
 ParOldGen       total 32768K, used 1605K [0x67000000, 0x69000000, 0x91ac0000)
  object space 32768K, 4% used [0x67000000,0x67191680,0x69000000)
 Metaspace       used 3835K, capacity 3846K, committed 3864K, reserved 4400K
Event: 2.261 GC heap after
Heap after GC invocations=2 (full 0):
 PSYoungGen      total 14336K, used 2036K [0x91ac0000, 0x936c0000, 0xa7000000)
  eden space 12288K, 0% used [0x91ac0000,0x91ac0000,0x926c0000)
  from space 2048K, 99% used [0x928c0000,0x92abd208,0x92ac0000)
  to   space 2048K, 0% used [0x926c0000,0x926c0000,0x928c0000)
 ParOldGen       total 32768K, used 3976K [0x67000000, 0x69000000, 0x91ac0000)
  object space 32768K, 12% used [0x67000000,0x673e20a0,0x69000000)
 Metaspace       used 3835K, capacity 3846K, committed 3864K, reserved 4400K
}
Event: 3.036 GC heap before
{Heap before GC invocations=3 (full 0):
 PSYoungGen      total 14336K, used 14324K [0x91ac0000, 0x936c0000, 0xa7000000)
  eden space 12288K, 100% used [0x91ac0000,0x926c0000,0x926c0000)
  from space 2048K, 99% used [0x928c0000,0x92abd208,0x92ac0000)
  to   space 2048K, 0% used [0x926c0000,0x926c0000,0x928c0000)
 ParOldGen       total 32768K, used 3976K [0x67000000, 0x69000000, 0x91ac0000)
  object space 32768K, 12% used [0x67000000,0x673e20a0,0x69000000)
 Metaspace       used 4667K, capacity 4678K, committed 4760K, reserved 5424K
Event: 3.050 GC heap after
Heap after GC invocations=3 (full 0):
 PSYoungGen      total 14336K, used 2035K [0x91ac0000, 0x936c0000, 0xa7000000)
  eden space 12288K, 0% used [0x91ac0000,0x91ac0000,0x926c0000)
  from space 2048K, 99% used [0x926c0000,0x928bcdc0,0x928c0000)
  to   space 2048K, 0% used [0x934c0000,0x934c0000,0x936c0000)
 ParOldGen       total 32768K, used 8299K [0x67000000, 0x69000000, 0x91ac0000)
  object space 32768K, 25% used [0x67000000,0x6781af20,0x69000000)
 Metaspace       used 4667K, capacity 4678K, committed 4760K, reserved 5424K
}
Event: 3.202 GC heap before
{Heap before GC invocations=4 (full 0):
 PSYoungGen      total 14336K, used 13264K [0x91ac0000, 0x936c0000, 0xa7000000)
  eden space 12288K, 91% used [0x91ac0000,0x925b7628,0x926c0000)
  from space 2048K, 99% used [0x926c0000,0x928bcdc0,0x928c0000)
  to   space 2048K, 0% used [0x934c0000,0x934c0000,0x936c0000)
 ParOldGen       total 32768K, used 8299K [0x67000000, 0x69000000, 0x91ac0000)
  object space 32768K, 25% used [0x67000000,0x6781af20,0x69000000)
 Metaspace       used 4687K, capacity 4710K, committed 4760K, reserved 5424K
Event: 3.214 GC heap after
Heap after GC invocations=4 (full 0):
 PSYoungGen      total 26624K, used 2045K [0x91ac0000, 0x936c0000, 0xa7000000)
  eden space 24576K, 0% used [0x91ac0000,0x91ac0000,0x932c0000)
  from space 2048K, 99% used [0x934c0000,0x936bf428,0x936c0000)
  to   space 2048K, 0% used [0x932c0000,0x932c0000,0x934c0000)
 ParOldGen       total 32768K, used 11234K [0x67000000, 0x69000000, 0x91ac0000)
  object space 32768K, 34% used [0x67000000,0x67af8830,0x69000000)
 Metaspace       used 4687K, capacity 4710K, committed 4760K, reserved 5424K
}
Event: 3.393 GC heap before
{Heap before GC invocations=5 (full 0):
 PSYoungGen      total 26624K, used 25359K [0x91ac0000, 0x936c0000, 0xa7000000)
  eden space 24576K, 94% used [0x91ac0000,0x93184b20,0x932c0000)
  from space 2048K, 99% used [0x934c0000,0x936bf428,0x936c0000)
  to   space 2048K, 0% used [0x932c0000,0x932c0000,0x934c0000)
 ParOldGen       total 32768K, used 11234K [0x67000000, 0x69000000, 0x91ac0000)
  object space 32768K, 34% used [0x67000000,0x67af8830,0x69000000)
 Metaspace       used 4707K, capacity 4742K, committed 4760K, reserved 5424K

