# JRE version: Java(TM) SE Runtime Environment (8.0_40-b25) (build 1.8.0_40-b25)
# Java VM: Java HotSpot(TM) Server VM (25.40-b25 mixed mode linux-x86 )
Heap:
 PSYoungGen      total 26624K, used 2034K [0x91ac0000, 0x936c0000, 0xa7000000)
  eden space 24576K, 0% used [0x91ac0000,0x91ac0000,0x932c0000)
  from space 2048K, 99% used [0x932c0000,0x934bca48,0x934c0000)
  to   space 2048K, 0% used [0x934c0000,0x934c0000,0x936c0000)
 ParOldGen       total 32768K, used 21248K [0x67000000, 0x69000000, 0x91ac0000)
  object space 32768K, 64% used [0x67000000,0x684c0278,0x69000000)
 Metaspace       used 4640K, capacity 4646K, committed 4760K, reserved 5424K
GC Heap History (9 events):
Event: 2.711 GC heap before
{Heap before GC invocations=1 (full 0):
 PSYoungGen      total 14336K, used 12288K [0x91ac0000, 0x92ac0000, 0xa7000000)
  eden space 12288K, 100% used [0x91ac0000,0x926c0000,0x926c0000)
  from space 2048K, 0% used [0x928c0000,0x928c0000,0x92ac0000)
  to   space 2048K, 0% used [0x926c0000,0x926c0000,0x928c0000)
 ParOldGen       total 32768K, used 0K [0x67000000, 0x69000000, 0x91ac0000)
  object space 32768K, 0% used [0x67000000,0x67000000,0x69000000)
 Metaspace       used 3511K, capacity 3582K, committed 3608K, reserved 4400K
Event: 2.718 GC heap after
Heap after GC invocations=1 (full 0):
 PSYoungGen      total 14336K, used 2042K [0x91ac0000, 0x92ac0000, 0xa7000000)
  eden space 12288K, 0% used [0x91ac0000,0x91ac0000,0x926c0000)
  from space 2048K, 99% used [0x926c0000,0x928be870,0x928c0000)
  to   space 2048K, 0% used [0x928c0000,0x928c0000,0x92ac0000)
 ParOldGen       total 32768K, used 1816K [0x67000000, 0x69000000, 0x91ac0000)
  object space 32768K, 5% used [0x67000000,0x671c62a0,0x69000000)
 Metaspace       used 3511K, capacity 3582K, committed 3608K, reserved 4400K
}
Event: 3.177 GC heap before
{Heap before GC invocations=2 (full 0):
 PSYoungGen      total 14336K, used 14330K [0x91ac0000, 0x92ac0000, 0xa7000000)
  eden space 12288K, 100% used [0x91ac0000,0x926c0000,0x926c0000)
  from space 2048K, 99% used [0x926c0000,0x928be870,0x928c0000)
  to   space 2048K, 0% used [0x928c0000,0x928c0000,0x92ac0000)
 ParOldGen       total 32768K, used 1816K [0x67000000, 0x69000000, 0x91ac0000)
  object space 32768K, 5% used [0x67000000,0x671c62a0,0x69000000)
 Metaspace       used 4112K, capacity 4134K, committed 4248K, reserved 4400K
Event: 3.183 GC heap after
Heap after GC invocations=2 (full 0):
 PSYoungGen      total 14336K, used 2036K [0x91ac0000, 0x92ac0000, 0xa7000000)
  eden space 12288K, 0% used [0x91ac0000,0x91ac0000,0x926c0000)
  from space 2048K, 99% used [0x928c0000,0x92abd3d0,0x92ac0000)
  to   space 2048K, 0% used [0x926c0000,0x926c0000,0x928c0000)
 ParOldGen       total 32768K, used 4337K [0x67000000, 0x69000000, 0x91ac0000)
  object space 32768K, 13% used [0x67000000,0x6743c690,0x69000000)
 Metaspace       used 4112K, capacity 4134K, committed 4248K, reserved 4400K
}
Event: 3.513 GC heap before
{Heap before GC invocations=3 (full 0):
 PSYoungGen      total 14336K, used 14324K [0x91ac0000, 0x92ac0000, 0xa7000000)
  eden space 12288K, 100% used [0x91ac0000,0x926c0000,0x926c0000)
  from space 2048K, 99% used [0x928c0000,0x92abd3d0,0x92ac0000)
  to   space 2048K, 0% used [0x926c0000,0x926c0000,0x928c0000)
 ParOldGen       total 32768K, used 4337K [0x67000000, 0x69000000, 0x91ac0000)
  object space 32768K, 13% used [0x67000000,0x6743c690,0x69000000)
 Metaspace       used 4605K, capacity 4646K, committed 4760K, reserved 5424K
Event: 3.522 GC heap after
Heap after GC invocations=3 (full 0):
 PSYoungGen      total 14336K, used 2035K [0x91ac0000, 0x936c0000, 0xa7000000)
  eden space 12288K, 0% used [0x91ac0000,0x91ac0000,0x926c0000)
  from space 2048K, 99% used [0x926c0000,0x928bcd80,0x928c0000)
  to   space 2048K, 0% used [0x934c0000,0x934c0000,0x936c0000)
 ParOldGen       total 32768K, used 9691K [0x67000000, 0x69000000, 0x91ac0000)
  object space 32768K, 29% used [0x67000000,0x67976f30,0x69000000)
 Metaspace       used 4605K, capacity 4646K, committed 4760K, reserved 5424K
}
Event: 3.654 GC heap before
{Heap before GC invocations=4 (full 0):
 PSYoungGen      total 14336K, used 12487K [0x91ac0000, 0x936c0000, 0xa7000000)
  eden space 12288K, 85% used [0x91ac0000,0x924f4ef8,0x926c0000)
  from space 2048K, 99% used [0x926c0000,0x928bcd80,0x928c0000)
  to   space 2048K, 0% used [0x934c0000,0x934c0000,0x936c0000)
 ParOldGen       total 32768K, used 9691K [0x67000000, 0x69000000, 0x91ac0000)
  object space 32768K, 29% used [0x67000000,0x67976f30,0x69000000)
 Metaspace       used 4620K, capacity 4646K, committed 4760K, reserved 5424K
Event: 3.664 GC heap after
Heap after GC invocations=4 (full 0):
 PSYoungGen      total 26624K, used 2044K [0x91ac0000, 0x936c0000, 0xa7000000)
  eden space 24576K, 0% used [0x91ac0000,0x91ac0000,0x932c0000)
  from space 2048K, 99% used [0x934c0000,0x936bf1c8,0x936c0000)
  to   space 2048K, 0% used [0x932c0000,0x932c0000,0x934c0000)
 ParOldGen       total 32768K, used 11253K [0x67000000, 0x69000000, 0x91ac0000)
  object space 32768K, 34% used [0x67000000,0x67afd568,0x69000000)
 Metaspace       used 4620K, capacity 4646K, committed 4760K, reserved 5424K
}
Event: 3.880 GC heap before
{Heap before GC invocations=5 (full 0):
 PSYoungGen      total 26624K, used 25754K [0x91ac0000, 0x936c0000, 0xa7000000)
  eden space 24576K, 96% used [0x91ac0000,0x931e79b8,0x932c0000)
  from space 2048K, 99% used [0x934c0000,0x936bf1c8,0x936c0000)
  to   space 2048K, 0% used [0x932c0000,0x932c0000,0x934c0000)
 ParOldGen       total 32768K, used 11253K [0x67000000, 0x69000000, 0x91ac0000)
  object space 32768K, 34% used [0x67000000,0x67afd568,0x69000000)
 Metaspace       used 4640K, capacity 4646K, committed 4760K, reserved 5424K

