# JRE version: Java(TM) SE Runtime Environment (8.0_45-b14) (build 1.8.0_45-b14)
# Java VM: Java HotSpot(TM) Server VM (25.45-b02 mixed mode linux-x86 )
Heap:
 PSYoungGen      total 26624K, used 25403K [0x91ac0000, 0x936c0000, 0xa7000000)
  eden space 24576K, 95% used [0x91ac0000,0x93190d50,0x932c0000)
  from space 2048K, 99% used [0x932c0000,0x934bdf68,0x934c0000)
  to   space 2048K, 0% used [0x934c0000,0x934c0000,0x936c0000)
 ParOldGen       total 32768K, used 3838K [0x67000000, 0x69000000, 0x91ac0000)
  object space 32768K, 11% used [0x67000000,0x673bf988,0x69000000)
 Metaspace       used 10263K, capacity 10366K, committed 10392K, reserved 10544K
GC Heap History (6 events):
Event: 11.948 GC heap before
{Heap before GC invocations=1 (full 0):
 PSYoungGen      total 14336K, used 12288K [0x91ac0000, 0x92ac0000, 0xa7000000)
  eden space 12288K, 100% used [0x91ac0000,0x926c0000,0x926c0000)
  from space 2048K, 0% used [0x928c0000,0x928c0000,0x92ac0000)
  to   space 2048K, 0% used [0x926c0000,0x926c0000,0x928c0000)
 ParOldGen       total 32768K, used 0K [0x67000000, 0x69000000, 0x91ac0000)
  object space 32768K, 0% used [0x67000000,0x67000000,0x69000000)
 Metaspace       used 3863K, capacity 3920K, committed 3992K, reserved 4400K
Event: 12.136 GC heap after
Heap after GC invocations=1 (full 0):
 PSYoungGen      total 14336K, used 2044K [0x91ac0000, 0x936c0000, 0xa7000000)
  eden space 12288K, 0% used [0x91ac0000,0x91ac0000,0x926c0000)
  from space 2048K, 99% used [0x926c0000,0x928bf0a8,0x928c0000)
  to   space 2048K, 0% used [0x934c0000,0x934c0000,0x936c0000)
 ParOldGen       total 32768K, used 625K [0x67000000, 0x69000000, 0x91ac0000)
  object space 32768K, 1% used [0x67000000,0x6709c6e8,0x69000000)
 Metaspace       used 3863K, capacity 3920K, committed 3992K, reserved 4400K
}
Event: 17.680 GC heap before
{Heap before GC invocations=2 (full 0):
 PSYoungGen      total 14336K, used 14332K [0x91ac0000, 0x936c0000, 0xa7000000)
  eden space 12288K, 100% used [0x91ac0000,0x926c0000,0x926c0000)
  from space 2048K, 99% used [0x926c0000,0x928bf0a8,0x928c0000)
  to   space 2048K, 0% used [0x934c0000,0x934c0000,0x936c0000)
 ParOldGen       total 32768K, used 625K [0x67000000, 0x69000000, 0x91ac0000)
  object space 32768K, 1% used [0x67000000,0x6709c6e8,0x69000000)
 Metaspace       used 4287K, capacity 4376K, committed 4376K, reserved 4400K
Event: 17.735 GC heap after
Heap after GC invocations=2 (full 0):
 PSYoungGen      total 26624K, used 2035K [0x91ac0000, 0x936c0000, 0xa7000000)
  eden space 24576K, 0% used [0x91ac0000,0x91ac0000,0x932c0000)
  from space 2048K, 99% used [0x934c0000,0x936bcfd0,0x936c0000)
  to   space 2048K, 0% used [0x932c0000,0x932c0000,0x934c0000)
 ParOldGen       total 32768K, used 867K [0x67000000, 0x69000000, 0x91ac0000)
  object space 32768K, 2% used [0x67000000,0x670d8fd8,0x69000000)
 Metaspace       used 4287K, capacity 4376K, committed 4376K, reserved 4400K
}
Event: 32.019 GC heap before
{Heap before GC invocations=3 (full 0):
 PSYoungGen      total 26624K, used 26611K [0x91ac0000, 0x936c0000, 0xa7000000)
  eden space 24576K, 100% used [0x91ac0000,0x932c0000,0x932c0000)
  from space 2048K, 99% used [0x934c0000,0x936bcfd0,0x936c0000)
  to   space 2048K, 0% used [0x932c0000,0x932c0000,0x934c0000)
 ParOldGen       total 32768K, used 867K [0x67000000, 0x69000000, 0x91ac0000)
  object space 32768K, 2% used [0x67000000,0x670d8fd8,0x69000000)
 Metaspace       used 6964K, capacity 7038K, committed 7064K, reserved 7472K
Event: 32.029 GC heap after
Heap after GC invocations=3 (full 0):
 PSYoungGen      total 26624K, used 2039K [0x91ac0000, 0x936c0000, 0xa7000000)
  eden space 24576K, 0% used [0x91ac0000,0x91ac0000,0x932c0000)
  from space 2048K, 99% used [0x932c0000,0x934bdf68,0x934c0000)
  to   space 2048K, 0% used [0x934c0000,0x934c0000,0x936c0000)
 ParOldGen       total 32768K, used 3838K [0x67000000, 0x69000000, 0x91ac0000)
  object space 32768K, 11% used [0x67000000,0x673bf988,0x69000000)
 Metaspace       used 6964K, capacity 7038K, committed 7064K, reserved 7472K
}

