# JRE version: Java(TM) SE Runtime Environment (8.0_45-b14) (build 1.8.0_45-b14)
# Java VM: Java HotSpot(TM) Server VM (25.45-b02 mixed mode linux-x86 )
Heap:
 PSYoungGen      total 14336K, used 2033K [0x91ac0000, 0x92ac0000, 0xa7000000)
  eden space 12288K, 0% used [0x91ac0000,0x91ac0000,0x926c0000)
  from space 2048K, 99% used [0x926c0000,0x928bc598,0x928c0000)
  to   space 2048K, 0% used [0x928c0000,0x928c0000,0x92ac0000)
 ParOldGen       total 32768K, used 11141K [0x67000000, 0x69000000, 0x91ac0000)
  object space 32768K, 34% used [0x67000000,0x67ae1510,0x69000000)
 Metaspace       used 4546K, capacity 4582K, committed 4632K, reserved 5424K
GC Heap History (5 events):
Event: 3.779 GC heap before
{Heap before GC invocations=1 (full 0):
 PSYoungGen      total 14336K, used 12288K [0x91ac0000, 0x92ac0000, 0xa7000000)
  eden space 12288K, 100% used [0x91ac0000,0x926c0000,0x926c0000)
  from space 2048K, 0% used [0x928c0000,0x928c0000,0x92ac0000)
  to   space 2048K, 0% used [0x926c0000,0x926c0000,0x928c0000)
 ParOldGen       total 32768K, used 0K [0x67000000, 0x69000000, 0x91ac0000)
  object space 32768K, 0% used [0x67000000,0x67000000,0x69000000)
 Metaspace       used 3514K, capacity 3582K, committed 3608K, reserved 4400K
Event: 3.789 GC heap after
Heap after GC invocations=1 (full 0):
 PSYoungGen      total 14336K, used 2042K [0x91ac0000, 0x92ac0000, 0xa7000000)
  eden space 12288K, 0% used [0x91ac0000,0x91ac0000,0x926c0000)
  from space 2048K, 99% used [0x926c0000,0x928beb30,0x928c0000)
  to   space 2048K, 0% used [0x928c0000,0x928c0000,0x92ac0000)
 ParOldGen       total 32768K, used 1825K [0x67000000, 0x69000000, 0x91ac0000)
  object space 32768K, 5% used [0x67000000,0x671c8768,0x69000000)
 Metaspace       used 3514K, capacity 3582K, committed 3608K, reserved 4400K
}
Event: 4.368 GC heap before
{Heap before GC invocations=2 (full 0):
 PSYoungGen      total 14336K, used 14330K [0x91ac0000, 0x92ac0000, 0xa7000000)
  eden space 12288K, 100% used [0x91ac0000,0x926c0000,0x926c0000)
  from space 2048K, 99% used [0x926c0000,0x928beb30,0x928c0000)
  to   space 2048K, 0% used [0x928c0000,0x928c0000,0x92ac0000)
 ParOldGen       total 32768K, used 1825K [0x67000000, 0x69000000, 0x91ac0000)
  object space 32768K, 5% used [0x67000000,0x671c8768,0x69000000)
 Metaspace       used 4466K, capacity 4518K, committed 4632K, reserved 5424K
Event: 4.377 GC heap after
Heap after GC invocations=2 (full 0):
 PSYoungGen      total 14336K, used 2032K [0x91ac0000, 0x92ac0000, 0xa7000000)
  eden space 12288K, 0% used [0x91ac0000,0x91ac0000,0x926c0000)
  from space 2048K, 99% used [0x928c0000,0x92abc048,0x92ac0000)
  to   space 2048K, 0% used [0x926c0000,0x926c0000,0x928c0000)
 ParOldGen       total 32768K, used 5344K [0x67000000, 0x69000000, 0x91ac0000)
  object space 32768K, 16% used [0x67000000,0x675382c8,0x69000000)
 Metaspace       used 4466K, capacity 4518K, committed 4632K, reserved 5424K
}
Event: 4.575 GC heap before
{Heap before GC invocations=3 (full 0):
 PSYoungGen      total 14336K, used 14320K [0x91ac0000, 0x92ac0000, 0xa7000000)
  eden space 12288K, 100% used [0x91ac0000,0x926c0000,0x926c0000)
  from space 2048K, 99% used [0x928c0000,0x92abc048,0x92ac0000)
  to   space 2048K, 0% used [0x926c0000,0x926c0000,0x928c0000)
 ParOldGen       total 32768K, used 5344K [0x67000000, 0x69000000, 0x91ac0000)
  object space 32768K, 16% used [0x67000000,0x675382c8,0x69000000)
 Metaspace       used 4546K, capacity 4582K, committed 4632K, reserved 5424K

