# JRE version: Java(TM) SE Runtime Environment (8.0_45-b14) (build 1.8.0_45-b14)
# Java VM: Java HotSpot(TM) Server VM (25.45-b02 mixed mode linux-x86 )
Heap:
 PSYoungGen      total 26624K, used 1655K [0x91ac0000, 0x936c0000, 0xa7000000)
  eden space 24576K, 0% used [0x91ac0000,0x91ac0000,0x932c0000)
  from space 2048K, 80% used [0x932c0000,0x9345de70,0x934c0000)
  to   space 2048K, 0% used [0x934c0000,0x934c0000,0x936c0000)
 ParOldGen       total 32768K, used 13483K [0x67000000, 0x69000000, 0x91ac0000)
  object space 32768K, 41% used [0x67000000,0x67d2aea0,0x69000000)
 Metaspace       used 4684K, capacity 4710K, committed 4760K, reserved 5424K
GC Heap History (9 events):
Event: 1.821 GC heap before
{Heap before GC invocations=1 (full 0):
 PSYoungGen      total 14336K, used 12288K [0x91ac0000, 0x92ac0000, 0xa7000000)
  eden space 12288K, 100% used [0x91ac0000,0x926c0000,0x926c0000)
  from space 2048K, 0% used [0x928c0000,0x928c0000,0x92ac0000)
  to   space 2048K, 0% used [0x926c0000,0x926c0000,0x928c0000)
 ParOldGen       total 32768K, used 0K [0x67000000, 0x69000000, 0x91ac0000)
  object space 32768K, 0% used [0x67000000,0x67000000,0x69000000)
 Metaspace       used 3532K, capacity 3582K, committed 3608K, reserved 4400K
Event: 1.829 GC heap after
Heap after GC invocations=1 (full 0):
 PSYoungGen      total 14336K, used 2046K [0x91ac0000, 0x92ac0000, 0xa7000000)
  eden space 12288K, 0% used [0x91ac0000,0x91ac0000,0x926c0000)
  from space 2048K, 99% used [0x926c0000,0x928bfa98,0x928c0000)
  to   space 2048K, 0% used [0x928c0000,0x928c0000,0x92ac0000)
 ParOldGen       total 32768K, used 1721K [0x67000000, 0x69000000, 0x91ac0000)
  object space 32768K, 5% used [0x67000000,0x671ae458,0x69000000)
 Metaspace       used 3532K, capacity 3582K, committed 3608K, reserved 4400K
}
Event: 2.046 GC heap before
{Heap before GC invocations=2 (full 0):
 PSYoungGen      total 14336K, used 13176K [0x91ac0000, 0x92ac0000, 0xa7000000)
  eden space 12288K, 90% used [0x91ac0000,0x9259e940,0x926c0000)
  from space 2048K, 99% used [0x926c0000,0x928bfa98,0x928c0000)
  to   space 2048K, 0% used [0x928c0000,0x928c0000,0x92ac0000)
 ParOldGen       total 32768K, used 1721K [0x67000000, 0x69000000, 0x91ac0000)
  object space 32768K, 5% used [0x67000000,0x671ae458,0x69000000)
 Metaspace       used 3637K, capacity 3646K, committed 3736K, reserved 4400K
Event: 2.061 GC heap after
Heap after GC invocations=2 (full 0):
 PSYoungGen      total 14336K, used 2044K [0x91ac0000, 0x936c0000, 0xa7000000)
  eden space 12288K, 0% used [0x91ac0000,0x91ac0000,0x926c0000)
  from space 2048K, 99% used [0x928c0000,0x92abf388,0x92ac0000)
  to   space 2048K, 0% used [0x926c0000,0x926c0000,0x928c0000)
 ParOldGen       total 32768K, used 4158K [0x67000000, 0x69000000, 0x91ac0000)
  object space 32768K, 12% used [0x67000000,0x6740fa98,0x69000000)
 Metaspace       used 3637K, capacity 3646K, committed 3736K, reserved 4400K
}
Event: 2.778 GC heap before
{Heap before GC invocations=3 (full 0):
 PSYoungGen      total 14336K, used 13504K [0x91ac0000, 0x936c0000, 0xa7000000)
  eden space 12288K, 93% used [0x91ac0000,0x925f1010,0x926c0000)
  from space 2048K, 99% used [0x928c0000,0x92abf388,0x92ac0000)
  to   space 2048K, 0% used [0x926c0000,0x926c0000,0x928c0000)
 ParOldGen       total 32768K, used 4158K [0x67000000, 0x69000000, 0x91ac0000)
  object space 32768K, 12% used [0x67000000,0x6740fa98,0x69000000)
 Metaspace       used 4639K, capacity 4678K, committed 4760K, reserved 5424K
Event: 2.785 GC heap after
Heap after GC invocations=3 (full 0):
 PSYoungGen      total 14336K, used 2043K [0x91ac0000, 0x936c0000, 0xa7000000)
  eden space 12288K, 0% used [0x91ac0000,0x91ac0000,0x926c0000)
  from space 2048K, 99% used [0x926c0000,0x928bed70,0x928c0000)
  to   space 2048K, 0% used [0x934c0000,0x934c0000,0x936c0000)
 ParOldGen       total 32768K, used 6097K [0x67000000, 0x69000000, 0x91ac0000)
  object space 32768K, 18% used [0x67000000,0x675f47d0,0x69000000)
 Metaspace       used 4639K, capacity 4678K, committed 4760K, reserved 5424K
}
Event: 2.893 GC heap before
{Heap before GC invocations=4 (full 0):
 PSYoungGen      total 14336K, used 13344K [0x91ac0000, 0x936c0000, 0xa7000000)
  eden space 12288K, 91% used [0x91ac0000,0x925c93b8,0x926c0000)
  from space 2048K, 99% used [0x926c0000,0x928bed70,0x928c0000)
  to   space 2048K, 0% used [0x934c0000,0x934c0000,0x936c0000)
 ParOldGen       total 32768K, used 6097K [0x67000000, 0x69000000, 0x91ac0000)
  object space 32768K, 18% used [0x67000000,0x675f47d0,0x69000000)
 Metaspace       used 4666K, capacity 4710K, committed 4760K, reserved 5424K
Event: 2.901 GC heap after
Heap after GC invocations=4 (full 0):
 PSYoungGen      total 26624K, used 2034K [0x91ac0000, 0x936c0000, 0xa7000000)
  eden space 24576K, 0% used [0x91ac0000,0x91ac0000,0x932c0000)
  from space 2048K, 99% used [0x934c0000,0x936bcb60,0x936c0000)
  to   space 2048K, 0% used [0x932c0000,0x932c0000,0x934c0000)
 ParOldGen       total 32768K, used 7269K [0x67000000, 0x69000000, 0x91ac0000)
  object space 32768K, 22% used [0x67000000,0x67719740,0x69000000)
 Metaspace       used 4666K, capacity 4710K, committed 4760K, reserved 5424K
}
Event: 3.077 GC heap before
{Heap before GC invocations=5 (full 0):
 PSYoungGen      total 26624K, used 25720K [0x91ac0000, 0x936c0000, 0xa7000000)
  eden space 24576K, 96% used [0x91ac0000,0x931e15e0,0x932c0000)
  from space 2048K, 99% used [0x934c0000,0x936bcb60,0x936c0000)
  to   space 2048K, 0% used [0x932c0000,0x932c0000,0x934c0000)
 ParOldGen       total 32768K, used 7269K [0x67000000, 0x69000000, 0x91ac0000)
  object space 32768K, 22% used [0x67000000,0x67719740,0x69000000)
 Metaspace       used 4684K, capacity 4710K, committed 4760K, reserved 5424K

